This is pdfTeX, Version 3.14159265-2.6-1.40.16 (MiKTeX 2.9) (preloaded format=pdflatex 2017.3.28)  8 APR 2017 18:44
entering extended mode
**./MackDogmatic.tex
(MackDogmatic.tex
LaTeX2e <2015/10/01> patch level 2
Babel <3.9n> and hyphenation patterns for 69 languages loaded.
("C:\Program Files (x86)\MiKTeX 2.9\tex\latex\base\article.cls"
Document Class: article 2014/09/29 v1.4h Standard LaTeX document class
("C:\Program Files (x86)\MiKTeX 2.9\tex\latex\base\size12.clo"
File: size12.clo 2014/09/29 v1.4h Standard LaTeX file (size option)
)
\c@part=\count79
\c@section=\count80
\c@subsection=\count81
\c@subsubsection=\count82
\c@paragraph=\count83
\c@subparagraph=\count84
\c@figure=\count85
\c@table=\count86
\abovecaptionskip=\skip41
\belowcaptionskip=\skip42
\bibindent=\dimen102
)
("C:\Program Files (x86)\MiKTeX 2.9\tex\latex\geometry\geometry.sty"
Package: geometry 2010/09/12 v5.6 Page Geometry

("C:\Program Files (x86)\MiKTeX 2.9\tex\latex\graphics\keyval.sty"
Package: keyval 2014/10/28 v1.15 key=value parser (DPC)
\KV@toks@=\toks14
)
("C:\Program Files (x86)\MiKTeX 2.9\tex\generic\oberdiek\ifpdf.sty"
Package: ifpdf 2011/01/30 v2.3 Provides the ifpdf switch (HO)
Package ifpdf Info: pdfTeX in PDF mode is detected.
)
("C:\Program Files (x86)\MiKTeX 2.9\tex\generic\oberdiek\ifvtex.sty"
Package: ifvtex 2010/03/01 v1.5 Detect VTeX and its facilities (HO)
Package ifvtex Info: VTeX not detected.
)
("C:\Program Files (x86)\MiKTeX 2.9\tex\generic\ifxetex\ifxetex.sty"
Package: ifxetex 2010/09/12 v0.6 Provides ifxetex conditional
)
\Gm@cnth=\count87
\Gm@cntv=\count88
\c@Gm@tempcnt=\count89
\Gm@bindingoffset=\dimen103
\Gm@wd@mp=\dimen104
\Gm@odd@mp=\dimen105
\Gm@even@mp=\dimen106
\Gm@layoutwidth=\dimen107
\Gm@layoutheight=\dimen108
\Gm@layouthoffset=\dimen109
\Gm@layoutvoffset=\dimen110
\Gm@dimlist=\toks15

("C:\Program Files (x86)\MiKTeX 2.9\tex\latex\geometry\geometry.cfg"))
("C:\Program Files (x86)\MiKTeX 2.9\tex\latex\psnfss\palatino.sty"
Package: palatino 2005/04/12 PSNFSS-v9.2a (SPQR) 
)
(MackDogmatic.aux)
\openout1 = `MackDogmatic.aux'.

LaTeX Font Info:    Checking defaults for OML/cmm/m/it on input line 18.
LaTeX Font Info:    ... okay on input line 18.
LaTeX Font Info:    Checking defaults for T1/cmr/m/n on input line 18.
LaTeX Font Info:    ... okay on input line 18.
LaTeX Font Info:    Checking defaults for OT1/cmr/m/n on input line 18.
LaTeX Font Info:    ... okay on input line 18.
LaTeX Font Info:    Checking defaults for OMS/cmsy/m/n on input line 18.
LaTeX Font Info:    ... okay on input line 18.
LaTeX Font Info:    Checking defaults for OMX/cmex/m/n on input line 18.
LaTeX Font Info:    ... okay on input line 18.
LaTeX Font Info:    Checking defaults for U/cmr/m/n on input line 18.
LaTeX Font Info:    ... okay on input line 18.
LaTeX Font Info:    Try loading font information for OT1+ppl on input line 18.

("C:\Program Files (x86)\MiKTeX 2.9\tex\latex\psnfss\ot1ppl.fd"
File: ot1ppl.fd 2001/06/04 font definitions for OT1/ppl.
)
*geometry* driver: auto-detecting
*geometry* detected driver: pdftex
*geometry* verbose mode - [ preamble ] result:
* driver: pdftex
* paper: a5paper
* layout: <same size as paper>
* layoutoffset:(h,v)=(0.0pt,0.0pt)
* modes: 
* h-part:(L,W,R)=(63.16576pt, 294.76926pt, 63.16577pt)
* v-part:(T,H,B)=(71.70166pt, 418.25368pt, 107.55254pt)
* \paperwidth=421.10078pt
* \paperheight=597.50787pt
* \textwidth=294.76926pt
* \textheight=418.25368pt
* \oddsidemargin=-9.10423pt
* \evensidemargin=-9.10423pt
* \topmargin=-37.56833pt
* \headheight=12.0pt
* \headsep=25.0pt
* \topskip=12.0pt
* \footskip=30.0pt
* \marginparwidth=4.0pt
* \marginparsep=10.0pt
* \columnsep=10.0pt
* \skip\footins=10.8pt plus 4.0pt minus 2.0pt
* \hoffset=0.0pt
* \voffset=0.0pt
* \mag=1000
* \@twocolumnfalse
* \@twosidefalse
* \@mparswitchfalse
* \@reversemarginfalse
* (1in=72.27pt=25.4mm, 1cm=28.453pt)

LaTeX Font Info:    External font `cmex10' loaded for size
(Font)              <14.4> on input line 20.
LaTeX Font Info:    External font `cmex10' loaded for size
(Font)              <7> on input line 20.
LaTeX Font Info:    External font `cmex10' loaded for size
(Font)              <12> on input line 22.
LaTeX Font Info:    External font `cmex10' loaded for size
(Font)              <8> on input line 22.
LaTeX Font Info:    External font `cmex10' loaded for size
(Font)              <6> on input line 22.
LaTeX Font Info:    External font `cmex10' loaded for size
(Font)              <5> on input line 25.
[1

{C:/Users/benna/AppData/Local/MiKTeX/2.9/pdftex/config/pdftex.map}]
Overfull \hbox (14.0pt too wide) in paragraph at lines 60--60
[]\OT1/ppl/m/n/12 414 
 []

[2]
Overfull \hbox (14.0pt too wide) in paragraph at lines 97--97
[]\OT1/ppl/m/n/12 415 
 []


Underfull \hbox (badness 1661) in paragraph at lines 80--118
[]\OT1/ppl/m/n/12 Now in the gen-eral ti-tle of this de-part-ment of
 []


Underfull \hbox (badness 1137) in paragraph at lines 80--118
\OT1/ppl/m/n/12 at-tempt to ex-hibit Chris-tian-ity to a be-liev-ing mind
 []


Underfull \hbox (badness 1817) in paragraph at lines 80--118
\OT1/ppl/m/n/12 upon a doc-trine which is iso-lated and in-co-her-ent,
 []


Underfull \hbox (badness 1127) in paragraph at lines 80--118
\OT1/ppl/m/n/12 there is, as we in-stinc-tively feel, some-thing wrong
 []

[3]
Overfull \hbox (14.0pt too wide) in paragraph at lines 134--134
[]\OT1/ppl/m/n/12 416 
 []

[4]
Overfull \hbox (14.0pt too wide) in paragraph at lines 171--171
[]\OT1/ppl/m/n/12 417 
 []

[5] [6]
Overfull \hbox (14.0pt too wide) in paragraph at lines 208--208
[]\OT1/ppl/m/n/12 418 
 []

[7]
Overfull \hbox (14.0pt too wide) in paragraph at lines 245--245
[]\OT1/ppl/m/n/12 419 
 []

[8] [9]
Overfull \hbox (14.0pt too wide) in paragraph at lines 284--284
[]\OT1/ppl/m/n/12 420 
 []

[10]
Overfull \hbox (14.0pt too wide) in paragraph at lines 321--321
[]\OT1/ppl/m/n/12 421 
 []

[11]
Overfull \hbox (14.0pt too wide) in paragraph at lines 358--358
[]\OT1/ppl/m/n/12 422 
 []

[12]
Overfull \hbox (14.0pt too wide) in paragraph at lines 397--397
[]\OT1/ppl/m/n/12 423 
 []


Underfull \hbox (badness 1199) in paragraph at lines 368--400
\OT1/ppl/m/n/12 on the other, made it all but im-pos-si-ble that they
 []

[13]
Overfull \hbox (14.0pt too wide) in paragraph at lines 434--434
[]\OT1/ppl/m/n/12 424 
 []


Overfull \hbox (14.0pt too wide) in paragraph at lines 470--470
[]\OT1/ppl/m/n/12 425 
 []


Underfull \hbox (badness 1163) in paragraph at lines 401--481
\OT1/ppl/m/n/12 off from phi-los-o-phy, that the-ol-ogy is not so much
 []


Underfull \hbox (badness 1803) in paragraph at lines 401--481
\OT1/ppl/m/n/12 the con-scious-ness of re-demp-tion through union to
 []


Underfull \hbox (badness 1888) in paragraph at lines 401--481
\OT1/ppl/m/n/12 to its the-o-ret-i-cal con-struc-tions, but as an in-her-ent
 []

[14] [15] [16]
Overfull \hbox (14.0pt too wide) in paragraph at lines 511--511
[]\OT1/ppl/m/n/12 426 
 []


Overfull \hbox (14.0pt too wide) in paragraph at lines 549--549
[]\OT1/ppl/m/n/12 427 
 []


Underfull \hbox (badness 1259) in paragraph at lines 482--566
\OT1/ppl/m/n/12 Chris-tian doc-trine and phi-los-o-phy is at bot-tom, at
 []


Underfull \hbox (badness 1122) in paragraph at lines 482--566
\OT1/ppl/m/n/12 state-ment of the doc-trine which has ever yet been
 []


Underfull \hbox (badness 1210) in paragraph at lines 482--566
\OT1/ppl/m/n/12 im-pen-e-tra-ble dark-ness; we have the el-e-ments of a
 []

[17] [18] [19]
Overfull \hbox (14.0pt too wide) in paragraph at lines 586--586
[]\OT1/ppl/m/n/12 428 
 []

[20]
Overfull \hbox (14.0pt too wide) in paragraph at lines 623--623
[]\OT1/ppl/m/n/12 429 
 []

[21]
Overfull \hbox (14.0pt too wide) in paragraph at lines 662--662
[]\OT1/ppl/m/n/12 430 
 []

[22] [23]
Overfull \hbox (14.0pt too wide) in paragraph at lines 699--699
[]\OT1/ppl/m/n/12 431 
 []

[24] [25] (MackDogmatic.aux) ) 
Here is how much of TeX's memory you used:
 817 strings out of 493634
 11357 string characters out of 3141314
 82184 words of memory out of 3000000
 4239 multiletter control sequences out of 15000+200000
 17163 words of font info for 44 fonts, out of 3000000 for 9000
 1025 hyphenation exceptions out of 8191
 24i,8n,19p,149b,187s stack positions out of 5000i,500n,10000p,200000b,50000s
{C:/Program Files (x86)/MiKTeX 2.9/fonts/enc/dvip
s/fontname/8r.enc}<C:/Program Files (x86)/MiKTeX 2.9/fonts/type1/urw/palatino/u
plr8a.pfb><C:/Program Files (x86)/MiKTeX 2.9/fonts/type1/urw/palatino/uplri8a.p
fb>
Output written on MackDogmatic.pdf (25 pages, 86659 bytes).
PDF statistics:
 92 PDF objects out of 1000 (max. 8388607)
 0 named destinations out of 1000 (max. 500000)
 1 words of extra memory for PDF output out of 10000 (max. 10000000)

